<?xml version="1.0" encoding="UTF-8"?>
<testsuite name="com.echarif.library.librarymanager.LibraryManagerApplicationTests" tests="1" skipped="0" failures="0" errors="0" timestamp="2019-11-15T22:15:04" hostname="hassan-SATELLITE-L750" time="0.187">
  <properties/>
  <testcase name="contextLoads()" classname="com.echarif.library.librarymanager.LibraryManagerApplicationTests" time="0.187"/>
  <system-out><![CDATA[23:14:59.526 [Test worker] DEBUG org.springframework.test.context.BootstrapUtils - Instantiating CacheAwareContextLoaderDelegate from class [org.springframework.test.context.cache.DefaultCacheAwareContextLoaderDelegate]
23:14:59.544 [Test worker] DEBUG org.springframework.test.context.BootstrapUtils - Instantiating BootstrapContext using constructor [public org.springframework.test.context.support.DefaultBootstrapContext(java.lang.Class,org.springframework.test.context.CacheAwareContextLoaderDelegate)]
23:14:59.580 [Test worker] DEBUG org.springframework.test.context.BootstrapUtils - Instantiating TestContextBootstrapper for test class [com.echarif.library.librarymanager.LibraryManagerApplicationTests] from class [org.springframework.boot.test.context.SpringBootTestContextBootstrapper]
23:14:59.598 [Test worker] INFO org.springframework.boot.test.context.SpringBootTestContextBootstrapper - Neither @ContextConfiguration nor @ContextHierarchy found for test class [com.echarif.library.librarymanager.LibraryManagerApplicationTests], using SpringBootContextLoader
23:14:59.602 [Test worker] DEBUG org.springframework.test.context.support.AbstractContextLoader - Did not detect default resource location for test class [com.echarif.library.librarymanager.LibraryManagerApplicationTests]: class path resource [com/echarif/library/librarymanager/LibraryManagerApplicationTests-context.xml] does not exist
23:14:59.603 [Test worker] DEBUG org.springframework.test.context.support.AbstractContextLoader - Did not detect default resource location for test class [com.echarif.library.librarymanager.LibraryManagerApplicationTests]: class path resource [com/echarif/library/librarymanager/LibraryManagerApplicationTestsContext.groovy] does not exist
23:14:59.603 [Test worker] INFO org.springframework.test.context.support.AbstractContextLoader - Could not detect default resource locations for test class [com.echarif.library.librarymanager.LibraryManagerApplicationTests]: no resource found for suffixes {-context.xml, Context.groovy}.
23:14:59.604 [Test worker] INFO org.springframework.test.context.support.AnnotationConfigContextLoaderUtils - Could not detect default configuration classes for test class [com.echarif.library.librarymanager.LibraryManagerApplicationTests]: LibraryManagerApplicationTests does not declare any static, non-private, non-final, nested classes annotated with @Configuration.
23:14:59.649 [Test worker] DEBUG org.springframework.test.context.support.ActiveProfilesUtils - Could not find an 'annotation declaring class' for annotation type [org.springframework.test.context.ActiveProfiles] and class [com.echarif.library.librarymanager.LibraryManagerApplicationTests]
23:14:59.741 [Test worker] DEBUG org.springframework.context.annotation.ClassPathScanningCandidateComponentProvider - Identified candidate component class: file [/home/hassan/personal-business/lending-library/build/classes/java/main/com/echarif/library/librarymanager/LibraryManagerApplication.class]
23:14:59.743 [Test worker] INFO org.springframework.boot.test.context.SpringBootTestContextBootstrapper - Found @SpringBootConfiguration com.echarif.library.librarymanager.LibraryManagerApplication for test class com.echarif.library.librarymanager.LibraryManagerApplicationTests
23:14:59.998 [Test worker] DEBUG org.springframework.boot.test.context.SpringBootTestContextBootstrapper - @TestExecutionListeners is not present for class [com.echarif.library.librarymanager.LibraryManagerApplicationTests]: using defaults.
23:14:59.999 [Test worker] INFO org.springframework.boot.test.context.SpringBootTestContextBootstrapper - Loaded default TestExecutionListener class names from location [META-INF/spring.factories]: [org.springframework.boot.test.autoconfigure.restdocs.RestDocsTestExecutionListener, org.springframework.boot.test.autoconfigure.web.client.MockRestServiceServerResetTestExecutionListener, org.springframework.boot.test.autoconfigure.web.servlet.MockMvcPrintOnlyOnFailureTestExecutionListener, org.springframework.boot.test.autoconfigure.web.servlet.WebDriverTestExecutionListener, org.springframework.boot.test.mock.mockito.MockitoTestExecutionListener, org.springframework.boot.test.mock.mockito.ResetMocksTestExecutionListener, org.springframework.test.context.web.ServletTestExecutionListener, org.springframework.test.context.support.DirtiesContextBeforeModesTestExecutionListener, org.springframework.test.context.support.DependencyInjectionTestExecutionListener, org.springframework.test.context.support.DirtiesContextTestExecutionListener, org.springframework.test.context.transaction.TransactionalTestExecutionListener, org.springframework.test.context.jdbc.SqlScriptsTestExecutionListener, org.springframework.test.context.event.EventPublishingTestExecutionListener]
23:15:00.015 [Test worker] DEBUG org.springframework.boot.test.context.SpringBootTestContextBootstrapper - Skipping candidate TestExecutionListener [org.springframework.test.context.transaction.TransactionalTestExecutionListener] due to a missing dependency. Specify custom listener classes or make the default listener classes and their required dependencies available. Offending class: [org/springframework/transaction/TransactionDefinition]
23:15:00.016 [Test worker] DEBUG org.springframework.boot.test.context.SpringBootTestContextBootstrapper - Skipping candidate TestExecutionListener [org.springframework.test.context.jdbc.SqlScriptsTestExecutionListener] due to a missing dependency. Specify custom listener classes or make the default listener classes and their required dependencies available. Offending class: [org/springframework/transaction/interceptor/TransactionAttribute]
23:15:00.016 [Test worker] INFO org.springframework.boot.test.context.SpringBootTestContextBootstrapper - Using TestExecutionListeners: [org.springframework.test.context.web.ServletTestExecutionListener@6cc97780, org.springframework.test.context.support.DirtiesContextBeforeModesTestExecutionListener@fa898a4, org.springframework.boot.test.mock.mockito.MockitoTestExecutionListener@5ad60d2b, org.springframework.boot.test.autoconfigure.SpringBootDependencyInjectionTestExecutionListener@4f651db3, org.springframework.test.context.support.DirtiesContextTestExecutionListener@68b716a8, org.springframework.test.context.event.EventPublishingTestExecutionListener@2311dea2, org.springframework.boot.test.autoconfigure.restdocs.RestDocsTestExecutionListener@49c430be, org.springframework.boot.test.autoconfigure.web.client.MockRestServiceServerResetTestExecutionListener@2e2b34b0, org.springframework.boot.test.autoconfigure.web.servlet.MockMvcPrintOnlyOnFailureTestExecutionListener@7e79658b, org.springframework.boot.test.autoconfigure.web.servlet.WebDriverTestExecutionListener@53304028, org.springframework.boot.test.mock.mockito.ResetMocksTestExecutionListener@3b19db30]
23:15:00.023 [Test worker] DEBUG org.springframework.test.context.support.AbstractDirtiesContextTestExecutionListener - Before test class: context [DefaultTestContext@152aeb7f testClass = LibraryManagerApplicationTests, testInstance = [null], testMethod = [null], testException = [null], mergedContextConfiguration = [WebMergedContextConfiguration@3262c46d testClass = LibraryManagerApplicationTests, locations = '{}', classes = '{class com.echarif.library.librarymanager.LibraryManagerApplication}', contextInitializerClasses = '[]', activeProfiles = '{}', propertySourceLocations = '{}', propertySourceProperties = '{org.springframework.boot.test.context.SpringBootTestContextBootstrapper=true}', contextCustomizers = set[org.springframework.boot.test.autoconfigure.properties.PropertyMappingContextCustomizer@0, org.springframework.boot.test.autoconfigure.web.servlet.WebDriverContextCustomizerFactory$Customizer@2ab6b272, org.springframework.boot.test.context.filter.ExcludeFilterContextCustomizer@654d5413, org.springframework.boot.test.json.DuplicateJsonObjectContextCustomizerFactory$DuplicateJsonObjectContextCustomizer@1ea0eede, org.springframework.boot.test.mock.mockito.MockitoContextCustomizer@0, org.springframework.boot.test.web.client.TestRestTemplateContextCustomizer@408e9ae0], resourceBasePath = 'src/main/webapp', contextLoader = 'org.springframework.boot.test.context.SpringBootContextLoader', parent = [null]], attributes = map['org.springframework.test.context.web.ServletTestExecutionListener.activateListener' -> true]], class annotated with @DirtiesContext [false] with mode [null].
23:15:00.063 [Test worker] DEBUG org.springframework.test.context.support.TestPropertySourceUtils - Adding inlined properties to environment: {spring.jmx.enabled=false, org.springframework.boot.test.context.SpringBootTestContextBootstrapper=true, server.port=-1}

  .   ____          _            __ _ _
 /\\ / ___'_ __ _ _(_)_ __  __ _ \ \ \ \
( ( )\___ | '_ | '_| | '_ \/ _` | \ \ \ \
 \\/  ___)| |_)| | | | | || (_| |  ) ) ) )
  '  |____| .__|_| |_|_| |_\__, | / / / /
 =========|_|==============|___/=/_/_/_/
 :: Spring Boot ::        (v2.2.1.RELEASE)

2019-11-15 23:15:00.460  INFO 15308 --- [    Test worker] c.e.l.l.LibraryManagerApplicationTests   : Starting LibraryManagerApplicationTests on hassan-SATELLITE-L750 with PID 15308 (started by hassan in /home/hassan/personal-business/lending-library)
2019-11-15 23:15:00.462  INFO 15308 --- [    Test worker] c.e.l.l.LibraryManagerApplicationTests   : No active profile set, falling back to default profiles: default
2019-11-15 23:15:03.483  INFO 15308 --- [    Test worker] o.s.s.concurrent.ThreadPoolTaskExecutor  : Initializing ExecutorService 'applicationTaskExecutor'
2019-11-15 23:15:04.444  INFO 15308 --- [    Test worker] o.s.b.a.e.web.EndpointLinksResolver      : Exposing 2 endpoint(s) beneath base path '/actuator'
2019-11-15 23:15:04.544  INFO 15308 --- [    Test worker] c.e.l.l.LibraryManagerApplicationTests   : Started LibraryManagerApplicationTests in 4.471 seconds (JVM running for 6.229)
]]></system-out>
  <system-err><![CDATA[]]></system-err>
</testsuite>
